00:00:00.004357 main     VirtualBox COM Server 6.1.38 r153438 win.amd64 (Sep  1 2022 14:20:23) release log
00:00:00.004359 main     Log opened 2023-10-13T14:08:37.872952900Z
00:00:00.004360 main     Build Type: release
00:00:00.004364 main     OS Product: Windows 10
00:00:00.004365 main     OS Release: 10.0.19045
00:00:00.004365 main     OS Service Pack: 
00:00:00.029895 main     DMI Product Name: HP ProBook 445R G6
00:00:00.044145 main     DMI Product Version:  
00:00:00.044161 main     Firmware type: UEFI
00:00:00.044565 main     Secure Boot: VERR_PRIVILEGE_NOT_HELD
00:00:00.044585 main     Host RAM: 14269MB (13.9GB) total, 9477MB (9.2GB) available
00:00:00.044590 main     Executable: C:\Program Files\Oracle\VirtualBox\VBoxSVC.exe
00:00:00.044591 main     Process ID: 7164
00:00:00.044592 main     Package type: WINDOWS_64BITS_GENERIC
00:00:00.127988          VirtualBox: object creation starts
00:00:00.129002          Home directory: 'C:\Users\Sena\.VirtualBox'
00:00:00.129504          Installed Drivers:
00:00:00.132809            C:\Windows\system32\DRIVERS\VBoxNetLwf.sys (Version: 6.1.38.3438)
00:00:00.133749            C:\Windows\system32\DRIVERS\VBoxUSBMon.sys (Version: 6.1.38.3438)
00:00:00.134253            C:\Windows\system32\DRIVERS\VBoxSup.sys (Version: 6.1.38.3438)
00:00:00.135758            C:\Windows\system32\DRIVERS\VBoxNetAdp6.sys (Version: 6.1.38.3438)
00:00:00.160108          Loading settings file "C:\Users\Sena\.VirtualBox\VirtualBox.xml" with version "1.12-windows"
00:00:00.168023          usbLibGetDevices: Starting USB device enumeration
00:00:00.168378          Getting USB descriptor (id 0) failed (dwErr=31) on hub USB#VID_05E3&PID_0610#6&641a335&0&1#{f18a0e88-c30c-11d0-8815-00a0c906bed8} port 1
00:00:00.168855          Getting USB descriptor (id 0) failed (dwErr=31) on hub USB#ROOT_HUB30#5&1175cff6&0&0#{f18a0e88-c30c-11d0-8815-00a0c906bed8} port 2
00:00:00.170860          usbLibGetDevices: Found 2 USB devices, 0 captured
00:00:00.172258          USB: Unknown USB device detected (idVendor: 0x0408, idProduct: 0x5373)
00:00:00.173864          USB: Unknown USB device detected (idVendor: 0x0bda, idProduct: 0xb00b)
00:00:00.297639          HostDnsMonitor: initializing
00:00:00.306301          HostDnsMonitor: updating information
00:00:00.306785          HostDnsMonitor: old information
00:00:00.306786            no server entries
00:00:00.306788            no domain set
00:00:00.306788            no search string entries
00:00:00.306789          HostDnsMonitor: new information
00:00:00.306790            no server entries
00:00:00.306790            domain: FormacionSena.RED
00:00:00.306791            no search string entries
00:00:00.499665          VD: VDInit finished with VINF_SUCCESS
00:00:00.520205          Loading settings file "C:\Users\Sena\VirtualBox VMs\Mondongo\Mondongo.vbox" with version "1.15-windows"
00:00:00.533883          Loading settings file "C:\Users\Sena\VirtualBox VMs\SUAVE\SUAVE.vbox" with version "1.17-windows"
00:00:00.546861          Loading settings file "C:\Users\Sena\VirtualBox VMs\win 11\win 11.vbox" with version "1.15-windows"
00:00:00.558397          Loading settings file "C:\Users\Sena\VirtualBox VMs\Isaac\Isaac.vbox" with version "1.15-windows"
00:00:00.570412          Loading settings file "C:\Users\Sena\VirtualBox VMs\jair\jair.vbox" with version "1.15-windows"
00:00:00.582668          Loading settings file "C:\Users\Sena\VirtualBox VMs\SCH\SCH.vbox" with version "1.15-windows"
00:00:00.594598          Loading settings file "C:\Users\Sena\VirtualBox VMs\Windows_\Windows_.vbox" with version "1.15-windows"
00:00:00.605725          Loading settings file "C:\Users\Sena\VirtualBox VMs\JJJ\JJJ.vbox" with version "1.15-windows"
00:00:00.617638          Loading settings file "C:\Users\Sena\VirtualBox VMs\ooo\ooo.vbox" with version "1.16-windows"
00:00:00.630373          Loading settings file "C:\Users\Sena\VirtualBox VMs\Nuevo grupo\JJJJ\JJJJ.vbox" with version "1.16-windows"
00:00:00.642178          Loading settings file "C:\Users\Sena\VirtualBox VMs\tatiana\tatiana.vbox" with version "1.16-windows"
00:00:00.656609          Loading settings file "C:\Users\Sena\VirtualBox VMs\Rivera\Rivera.vbox" with version "1.15-windows"
00:00:00.668470          Loading settings file "C:\Users\Sena\VirtualBox VMs\Nuevo grupo\ceballos\ceballos.vbox" with version "1.15-windows"
00:00:00.680851          Loading settings file "C:\Users\Sena\VirtualBox VMs\Nuevo grupo\dual\dual.vbox" with version "1.15-windows"
00:00:00.716886          OCI: Local config file 'C:\Users\Sena\.VirtualBox\oci_config' does not exist
00:00:00.717027          OCI: Original config file 'C:\Users\Sena\.oci\config' does not exist
00:00:00.717028          OCI: Reading profiles finished with status ERROR_SUCCESS
00:00:00.717437          ExtPack: Created cloud provider 'OCI' (hrc=ERROR_SUCCESS)
00:00:00.717492          VirtualBox: object created
00:00:20.000146 dns-monitor HostDnsMonitor: updating information
00:00:20.000189 dns-monitor HostDnsMonitor: unchanged
00:00:39.380811          Saving settings file "C:\Users\Sena\.VirtualBox\VirtualBox.xml" with version "1.12-windows"
00:00:39.388326          Saving settings file "C:\Users\Sena\.VirtualBox\VirtualBox.xml" with version "1.12-windows"
00:00:39.395697          Saving settings file "C:\Users\Sena\.VirtualBox\VirtualBox.xml" with version "1.12-windows"
00:00:39.402672          Saving settings file "C:\Users\Sena\.VirtualBox\VirtualBox.xml" with version "1.12-windows"
00:00:39.408960          Saving settings file "C:\Users\Sena\.VirtualBox\VirtualBox.xml" with version "1.12-windows"
00:00:44.954149 main     VirtualBox: object deletion starts
00:00:44.954349 main     ERROR [COM]: aRC=VBOX_E_OBJECT_IN_USE (0x80bb000c) aIID={ad47ad09-787b-44ab-b343-a082a3f2dfb1} aComponent={MediumWrap} aText={Medium 'C:\Users\Sena\VirtualBox VMs\Mondongo\Mondongo.vdi' cannot be closed because it is still attached to 1 virtual machines}, preserve=false aResultDetail=0
00:00:44.969899 main     ERROR [COM]: aRC=VBOX_E_OBJECT_IN_USE (0x80bb000c) aIID={ad47ad09-787b-44ab-b343-a082a3f2dfb1} aComponent={MediumWrap} aText={Medium 'C:\Users\Sena\VirtualBox VMs\SUAVE\SUAVE.vdi' cannot be closed because it is still attached to 1 virtual machines}, preserve=false aResultDetail=0
00:00:44.970539 main     ERROR [COM]: aRC=VBOX_E_OBJECT_IN_USE (0x80bb000c) aIID={ad47ad09-787b-44ab-b343-a082a3f2dfb1} aComponent={MediumWrap} aText={Medium 'C:\Users\Sena\VirtualBox VMs\win 11\win 11.vdi' cannot be closed because it is still attached to 1 virtual machines}, preserve=false aResultDetail=0
00:00:44.971134 main     ERROR [COM]: aRC=VBOX_E_OBJECT_IN_USE (0x80bb000c) aIID={ad47ad09-787b-44ab-b343-a082a3f2dfb1} aComponent={MediumWrap} aText={Medium 'C:\Users\Sena\VirtualBox VMs\Isaac\Isaac.vdi' cannot be closed because it is still attached to 1 virtual machines}, preserve=false aResultDetail=0
00:00:44.971715 main     ERROR [COM]: aRC=VBOX_E_OBJECT_IN_USE (0x80bb000c) aIID={ad47ad09-787b-44ab-b343-a082a3f2dfb1} aComponent={MediumWrap} aText={Medium 'C:\Users\Sena\VirtualBox VMs\jair\jair.vdi' cannot be closed because it is still attached to 1 virtual machines}, preserve=false aResultDetail=0
00:00:44.972816 main     ERROR [COM]: aRC=VBOX_E_OBJECT_IN_USE (0x80bb000c) aIID={ad47ad09-787b-44ab-b343-a082a3f2dfb1} aComponent={MediumWrap} aText={Medium 'C:\Users\Sena\VirtualBox VMs\SCH\SCH.vdi' cannot be closed because it is still attached to 1 virtual machines}, preserve=false aResultDetail=0
00:00:44.973690 main     ERROR [COM]: aRC=VBOX_E_OBJECT_IN_USE (0x80bb000c) aIID={ad47ad09-787b-44ab-b343-a082a3f2dfb1} aComponent={MediumWrap} aText={Medium 'C:\Users\Sena\VirtualBox VMs\Windows_\Windows_.vdi' cannot be closed because it is still attached to 1 virtual machines}, preserve=false aResultDetail=0
00:00:44.974008 main     ERROR [COM]: aRC=VBOX_E_OBJECT_IN_USE (0x80bb000c) aIID={ad47ad09-787b-44ab-b343-a082a3f2dfb1} aComponent={MediumWrap} aText={Medium 'C:\Users\Sena\VirtualBox VMs\JJJ\JJJ.vdi' cannot be closed because it is still attached to 1 virtual machines}, preserve=false aResultDetail=0
00:00:44.974440 main     ERROR [COM]: aRC=VBOX_E_OBJECT_IN_USE (0x80bb000c) aIID={ad47ad09-787b-44ab-b343-a082a3f2dfb1} aComponent={MediumWrap} aText={Medium 'C:\Users\Sena\VirtualBox VMs\ooo\ooo.vdi' cannot be closed because it is still attached to 1 virtual machines}, preserve=false aResultDetail=0
00:00:44.975004 main     ERROR [COM]: aRC=VBOX_E_OBJECT_IN_USE (0x80bb000c) aIID={ad47ad09-787b-44ab-b343-a082a3f2dfb1} aComponent={MediumWrap} aText={Medium 'C:\Users\Sena\VirtualBox VMs\Nuevo grupo\JJJJ\JJJJ.vdi' cannot be closed because it is still attached to 1 virtual machines}, preserve=false aResultDetail=0
00:00:44.975307 main     ERROR [COM]: aRC=VBOX_E_OBJECT_IN_USE (0x80bb000c) aIID={ad47ad09-787b-44ab-b343-a082a3f2dfb1} aComponent={MediumWrap} aText={Medium 'C:\Users\Sena\VirtualBox VMs\tatiana\tatiana.vdi' cannot be closed because it is still attached to 1 virtual machines}, preserve=false aResultDetail=0
00:00:44.975604 main     ERROR [COM]: aRC=VBOX_E_OBJECT_IN_USE (0x80bb000c) aIID={ad47ad09-787b-44ab-b343-a082a3f2dfb1} aComponent={MediumWrap} aText={Medium 'C:\Users\Sena\VirtualBox VMs\Rivera\Rivera.vdi' cannot be closed because it is still attached to 1 virtual machines}, preserve=false aResultDetail=0
00:00:44.975898 main     ERROR [COM]: aRC=VBOX_E_OBJECT_IN_USE (0x80bb000c) aIID={ad47ad09-787b-44ab-b343-a082a3f2dfb1} aComponent={MediumWrap} aText={Medium 'C:\Users\Sena\Desktop\ceballos.vdi' cannot be closed because it is still attached to 1 virtual machines}, preserve=false aResultDetail=0
00:00:44.976221 main     ERROR [COM]: aRC=VBOX_E_OBJECT_IN_USE (0x80bb000c) aIID={ad47ad09-787b-44ab-b343-a082a3f2dfb1} aComponent={MediumWrap} aText={Medium 'C:\Users\Sena\VirtualBox VMs\Nuevo grupo\dual\dual.vdi' cannot be closed because it is still attached to 1 virtual machines}, preserve=false aResultDetail=0
00:00:44.977242 main     HostDnsMonitor: shutting down ...
00:00:44.977300 main     HostDnsMonitor: shut down
00:00:44.980233 Watcher  ERROR [COM]: aRC=E_ACCESSDENIED (0x80070005) aIID={d0a0163f-e254-4e5b-a1f2-011cf991c38d} aComponent={VirtualBoxWrap} aText={The object is not ready}, preserve=false aResultDetail=0
00:00:44.982566 main     VirtualBox: object deleted
